<?xml version="1.0" encoding="UTF-8"?>
<testng-results skipped="0" failed="0" total="1" passed="1">
  <reporter-output>
  </reporter-output>
  <suite name="Default suite" duration-ms="36955" started-at="2020-07-07T12:10:20Z" finished-at="2020-07-07T12:10:57Z">
    <groups>
    </groups>
    <test name="Default test" duration-ms="36955" started-at="2020-07-07T12:10:20Z" finished-at="2020-07-07T12:10:57Z">
      <class name="test_Scripts_Facebook.Facebook">
        <test-method status="PASS" signature="openApp()[pri:0, instance:test_Scripts_Facebook.Facebook@3ecf72fd]" name="openApp" is-config="true" duration-ms="16600" started-at="2020-07-07T17:40:20Z" finished-at="2020-07-07T17:40:36Z">
          <reporter-output>
          </reporter-output>
        </test-method> <!-- openApp -->
        <test-method status="PASS" signature="testLogin()[pri:0, instance:test_Scripts_Facebook.Facebook@3ecf72fd]" name="testLogin" duration-ms="18026" started-at="2020-07-07T17:40:36Z" finished-at="2020-07-07T17:40:54Z">
          <reporter-output>
          </reporter-output>
        </test-method> <!-- testLogin -->
        <test-method status="PASS" signature="closeApp()[pri:0, instance:test_Scripts_Facebook.Facebook@3ecf72fd]" name="closeApp" is-config="true" duration-ms="2296" started-at="2020-07-07T17:40:54Z" finished-at="2020-07-07T17:40:57Z">
          <reporter-output>
          </reporter-output>
        </test-method> <!-- closeApp -->
      </class> <!-- test_Scripts_Facebook.Facebook -->
    </test> <!-- Default test -->
  </suite> <!-- Default suite -->
</testng-results>
